<?xml version="1.0" encoding="UTF-8"?>
<coverage generated="1789554502186" clover="3.2.0">
  <project timestamp="1789554502186" name="All files">
    <metrics statements="70" coveredstatements="69" conditionals="76" coveredconditionals="67" methods="17" coveredmethods="17" elements="163" coveredelements="153" complexity="0" loc="70" ncloc="70" packages="1" files="2" classes="2"/>
    <file name="petAccess.js" path="/workspace/server/lib/petAccess.js">
      <metrics statements="59" coveredstatements="59" conditionals="54" coveredconditionals="46" methods="16" coveredmethods="16"/>
      <line num="6" count="51" type="stmt"/>
      <line num="7" count="51" type="stmt"/>
      <line num="9" count="51" type="stmt"/>
      <line num="10" count="51" type="stmt"/>
      <line num="12" count="102" type="stmt"/>
      <line num="15" count="51" type="stmt"/>
      <line num="18" count="2" type="stmt"/>
      <line num="23" count="58" type="stmt"/>
      <line num="52" count="216" type="cond" truecount="3" falsecount="1"/>
      <line num="53" count="216" type="stmt"/>
      <line num="57" count="213" type="stmt"/>
      <line num="61" count="4" type="cond" truecount="3" falsecount="1"/>
      <line num="62" count="4" type="stmt"/>
      <line num="69" count="4" type="stmt"/>
      <line num="70" count="4" type="cond" truecount="2" falsecount="0"/>
      <line num="71" count="3" type="cond" truecount="4" falsecount="0"/>
      <line num="72" count="2" type="stmt"/>
      <line num="74" count="1" type="stmt"/>
      <line num="78" count="34" type="cond" truecount="3" falsecount="1"/>
      <line num="79" count="34" type="cond" truecount="2" falsecount="0"/>
      <line num="80" count="14" type="stmt"/>
      <line num="88" count="14" type="stmt"/>
      <line num="92" count="41" type="cond" truecount="3" falsecount="1"/>
      <line num="93" count="41" type="cond" truecount="2" falsecount="0"/>
      <line num="94" count="12" type="stmt"/>
      <line num="102" count="12" type="cond" truecount="2" falsecount="0"/>
      <line num="103" count="9" type="stmt"/>
      <line num="111" count="9" type="cond" truecount="1" falsecount="1"/>
      <line num="112" count="9" type="stmt"/>
      <line num="120" count="9" type="stmt"/>
      <line num="125" count="14" type="cond" truecount="3" falsecount="1"/>
      <line num="126" count="14" type="stmt"/>
      <line num="134" count="14" type="cond" truecount="2" falsecount="0"/>
      <line num="135" count="9" type="stmt"/>
      <line num="143" count="9" type="stmt"/>
      <line num="147" count="51" type="stmt"/>
      <line num="151" count="121" type="cond" truecount="3" falsecount="1"/>
      <line num="152" count="121" type="cond" truecount="2" falsecount="0"/>
      <line num="153" count="14" type="stmt"/>
      <line num="158" count="19" type="stmt"/>
      <line num="162" count="51" type="stmt"/>
      <line num="166" count="11" type="cond" truecount="3" falsecount="1"/>
      <line num="167" count="11" type="cond" truecount="2" falsecount="0"/>
      <line num="168" count="4" type="stmt"/>
      <line num="179" count="4" type="stmt"/>
      <line num="183" count="10" type="stmt"/>
      <line num="187" count="10" type="stmt"/>
      <line num="188" count="10" type="cond" truecount="2" falsecount="0"/>
      <line num="189" count="9" type="stmt"/>
      <line num="193" count="30" type="stmt"/>
      <line num="197" count="30" type="stmt"/>
      <line num="198" count="30" type="cond" truecount="2" falsecount="0"/>
      <line num="199" count="24" type="stmt"/>
      <line num="203" count="9" type="stmt"/>
      <line num="207" count="9" type="stmt"/>
      <line num="208" count="9" type="cond" truecount="2" falsecount="0"/>
      <line num="209" count="7" type="stmt"/>
      <line num="214" count="1" type="stmt"/>
      <line num="223" count="2" type="stmt"/>
    </file>
    <file name="petCapabilityPolicy.js" path="/workspace/server/lib/petCapabilityPolicy.js">
      <metrics statements="11" coveredstatements="10" conditionals="22" coveredconditionals="21" methods="1" coveredmethods="1"/>
      <line num="11" count="49" type="stmt"/>
      <line num="29" count="49" type="stmt"/>
      <line num="39" count="131" type="cond" truecount="6" falsecount="0"/>
      <line num="40" count="2" type="stmt"/>
      <line num="43" count="129" type="cond" truecount="15" falsecount="1"/>
      <line num="49" count="31" type="stmt"/>
      <line num="51" count="1" type="stmt"/>
      <line num="54" count="10" type="stmt"/>
      <line num="57" count="17" type="stmt"/>
      <line num="63" count="70" type="stmt"/>
      <line num="65" count="0" type="stmt"/>
    </file>
  </project>
</coverage>
