<?xml version="1.0" encoding="UTF-8"?>
<coverage generated="1788708882452" clover="3.2.0">
  <project timestamp="1788708882452" name="All files">
    <metrics statements="51" coveredstatements="48" conditionals="60" coveredconditionals="53" methods="13" coveredmethods="11" elements="124" coveredelements="112" complexity="0" loc="51" ncloc="51" packages="1" files="2" classes="2"/>
    <file name="petAccess.js" path="/workspace/server/lib/petAccess.js">
      <metrics statements="41" coveredstatements="39" conditionals="38" coveredconditionals="32" methods="12" coveredmethods="10"/>
      <line num="9" count="64" type="stmt"/>
      <line num="10" count="64" type="stmt"/>
      <line num="12" count="128" type="stmt"/>
      <line num="16" count="38" type="stmt"/>
      <line num="45" count="171" type="cond" truecount="3" falsecount="1"/>
      <line num="46" count="171" type="stmt"/>
      <line num="50" count="168" type="stmt"/>
      <line num="54" count="29" type="cond" truecount="3" falsecount="1"/>
      <line num="55" count="29" type="cond" truecount="2" falsecount="0"/>
      <line num="56" count="12" type="stmt"/>
      <line num="64" count="12" type="cond" truecount="2" falsecount="0"/>
      <line num="65" count="9" type="stmt"/>
      <line num="73" count="9" type="cond" truecount="1" falsecount="1"/>
      <line num="74" count="9" type="stmt"/>
      <line num="82" count="9" type="stmt"/>
      <line num="87" count="17" type="cond" truecount="3" falsecount="1"/>
      <line num="88" count="17" type="stmt"/>
      <line num="96" count="17" type="cond" truecount="2" falsecount="0"/>
      <line num="97" count="11" type="stmt"/>
      <line num="105" count="11" type="stmt"/>
      <line num="110" count="110" type="cond" truecount="3" falsecount="1"/>
      <line num="111" count="110" type="cond" truecount="2" falsecount="0"/>
      <line num="112" count="17" type="stmt"/>
      <line num="117" count="7" type="cond" truecount="3" falsecount="1"/>
      <line num="118" count="7" type="cond" truecount="2" falsecount="0"/>
      <line num="119" count="3" type="stmt"/>
      <line num="130" count="3" type="stmt"/>
      <line num="134" count="9" type="stmt"/>
      <line num="138" count="9" type="stmt"/>
      <line num="139" count="9" type="cond" truecount="2" falsecount="0"/>
      <line num="140" count="8" type="stmt"/>
      <line num="144" count="28" type="stmt"/>
      <line num="148" count="28" type="stmt"/>
      <line num="149" count="28" type="cond" truecount="2" falsecount="0"/>
      <line num="150" count="21" type="stmt"/>
      <line num="154" count="9" type="stmt"/>
      <line num="158" count="9" type="stmt"/>
      <line num="159" count="9" type="cond" truecount="2" falsecount="0"/>
      <line num="160" count="7" type="stmt"/>
      <line num="165" count="0" type="stmt"/>
      <line num="174" count="0" type="stmt"/>
    </file>
    <file name="petCapabilityPolicy.js" path="/workspace/server/lib/petCapabilityPolicy.js">
      <metrics statements="10" coveredstatements="9" conditionals="22" coveredconditionals="21" methods="1" coveredmethods="1"/>
      <line num="10" count="63" type="stmt"/>
      <line num="28" count="63" type="stmt"/>
      <line num="38" count="107" type="cond" truecount="6" falsecount="0"/>
      <line num="39" count="2" type="stmt"/>
      <line num="42" count="105" type="cond" truecount="15" falsecount="1"/>
      <line num="48" count="20" type="stmt"/>
      <line num="50" count="1" type="stmt"/>
      <line num="53" count="10" type="stmt"/>
      <line num="61" count="74" type="stmt"/>
      <line num="63" count="0" type="stmt"/>
    </file>
  </project>
</coverage>
