{"/workspace/server/lib/petAccess.js": {"path":"/workspace/server/lib/petAccess.js","statementMap":{"0":{"start":{"line":6,"column":26},"end":{"line":6,"column":33}},"1":{"start":{"line":7,"column":30},"end":{"line":7,"column":41}},"2":{"start":{"line":9,"column":32},"end":{"line":9,"column":60}},"3":{"start":{"line":10,"column":38},"end":{"line":10,"column":46}},"4":{"start":{"line":12,"column":29},"end":{"line":12,"column":77}},"5":{"start":{"line":12,"column":57},"end":{"line":12,"column":65}},"6":{"start":{"line":15,"column":34},"end":{"line":15,"column":50}},"7":{"start":{"line":18,"column":2},"end":{"line":18,"column":30}},"8":{"start":{"line":23,"column":2},"end":{"line":48,"column":5}},"9":{"start":{"line":52,"column":2},"end":{"line":52,"column":38}},"10":{"start":{"line":52,"column":25},"end":{"line":52,"column":38}},"11":{"start":{"line":53,"column":17},"end":{"line":56,"column":3}},"12":{"start":{"line":57,"column":2},"end":{"line":57,"column":32}},"13":{"start":{"line":61,"column":2},"end":{"line":61,"column":37}},"14":{"start":{"line":61,"column":25},"end":{"line":61,"column":37}},"15":{"start":{"line":62,"column":17},"end":{"line":68,"column":3}},"16":{"start":{"line":69,"column":15},"end":{"line":69,"column":35}},"17":{"start":{"line":70,"column":2},"end":{"line":70,"column":25}},"18":{"start":{"line":70,"column":13},"end":{"line":70,"column":25}},"19":{"start":{"line":71,"column":2},"end":{"line":73,"column":3}},"20":{"start":{"line":72,"column":4},"end":{"line":72,"column":16}},"21":{"start":{"line":74,"column":2},"end":{"line":74,"column":14}},"22":{"start":{"line":78,"column":2},"end":{"line":78,"column":38}},"23":{"start":{"line":78,"column":25},"end":{"line":78,"column":38}},"24":{"start":{"line":79,"column":2},"end":{"line":79,"column":58}},"25":{"start":{"line":79,"column":46},"end":{"line":79,"column":58}},"26":{"start":{"line":80,"column":17},"end":{"line":87,"column":3}},"27":{"start":{"line":88,"column":2},"end":{"line":88,"column":32}},"28":{"start":{"line":92,"column":2},"end":{"line":92,"column":38}},"29":{"start":{"line":92,"column":25},"end":{"line":92,"column":38}},"30":{"start":{"line":93,"column":2},"end":{"line":93,"column":58}},"31":{"start":{"line":93,"column":46},"end":{"line":93,"column":58}},"32":{"start":{"line":94,"column":17},"end":{"line":101,"column":3}},"33":{"start":{"line":102,"column":2},"end":{"line":102,"column":42}},"34":{"start":{"line":102,"column":30},"end":{"line":102,"column":42}},"35":{"start":{"line":103,"column":17},"end":{"line":110,"column":3}},"36":{"start":{"line":111,"column":2},"end":{"line":111,"column":42}},"37":{"start":{"line":111,"column":30},"end":{"line":111,"column":42}},"38":{"start":{"line":112,"column":20},"end":{"line":119,"column":3}},"39":{"start":{"line":120,"column":2},"end":{"line":120,"column":35}},"40":{"start":{"line":125,"column":2},"end":{"line":125,"column":38}},"41":{"start":{"line":125,"column":25},"end":{"line":125,"column":38}},"42":{"start":{"line":126,"column":17},"end":{"line":133,"column":3}},"43":{"start":{"line":134,"column":2},"end":{"line":134,"column":42}},"44":{"start":{"line":134,"column":30},"end":{"line":134,"column":42}},"45":{"start":{"line":135,"column":17},"end":{"line":142,"column":3}},"46":{"start":{"line":143,"column":2},"end":{"line":143,"column":32}},"47":{"start":{"line":147,"column":41},"end":{"line":147,"column":60}},"48":{"start":{"line":151,"column":2},"end":{"line":151,"column":38}},"49":{"start":{"line":151,"column":25},"end":{"line":151,"column":38}},"50":{"start":{"line":152,"column":2},"end":{"line":152,"column":58}},"51":{"start":{"line":152,"column":46},"end":{"line":152,"column":58}},"52":{"start":{"line":153,"column":2},"end":{"line":153,"column":50}},"53":{"start":{"line":158,"column":2},"end":{"line":158,"column":52}},"54":{"start":{"line":162,"column":32},"end":{"line":162,"column":49}},"55":{"start":{"line":166,"column":2},"end":{"line":166,"column":38}},"56":{"start":{"line":166,"column":25},"end":{"line":166,"column":38}},"57":{"start":{"line":167,"column":2},"end":{"line":167,"column":68}},"58":{"start":{"line":167,"column":56},"end":{"line":167,"column":68}},"59":{"start":{"line":168,"column":17},"end":{"line":178,"column":3}},"60":{"start":{"line":179,"column":2},"end":{"line":179,"column":32}},"61":{"start":{"line":183,"column":17},"end":{"line":186,"column":3}},"62":{"start":{"line":187,"column":16},"end":{"line":187,"column":38}},"63":{"start":{"line":188,"column":2},"end":{"line":188,"column":27}},"64":{"start":{"line":188,"column":14},"end":{"line":188,"column":27}},"65":{"start":{"line":189,"column":2},"end":{"line":189,"column":48}},"66":{"start":{"line":193,"column":17},"end":{"line":196,"column":3}},"67":{"start":{"line":197,"column":16},"end":{"line":197,"column":38}},"68":{"start":{"line":198,"column":2},"end":{"line":198,"column":27}},"69":{"start":{"line":198,"column":14},"end":{"line":198,"column":27}},"70":{"start":{"line":199,"column":2},"end":{"line":199,"column":48}},"71":{"start":{"line":203,"column":17},"end":{"line":206,"column":3}},"72":{"start":{"line":207,"column":16},"end":{"line":207,"column":38}},"73":{"start":{"line":208,"column":2},"end":{"line":208,"column":27}},"74":{"start":{"line":208,"column":14},"end":{"line":208,"column":27}},"75":{"start":{"line":209,"column":2},"end":{"line":209,"column":48}},"76":{"start":{"line":214,"column":17},"end":{"line":222,"column":3}},"77":{"start":{"line":223,"column":2},"end":{"line":223,"column":43}},"78":{"start":{"line":223,"column":32},"end":{"line":223,"column":41}}},"fnMap":{"0":{"name":"(anonymous_0)","decl":{"start":{"line":12,"column":50},"end":{"line":12,"column":51}},"loc":{"start":{"line":12,"column":57},"end":{"line":12,"column":65}},"line":12},"1":{"name":"petAccessRolesSql","decl":{"start":{"line":17,"column":16},"end":{"line":17,"column":33}},"loc":{"start":{"line":17,"column":36},"end":{"line":19,"column":1}},"line":17},"2":{"name":"accessiblePetSql","decl":{"start":{"line":22,"column":16},"end":{"line":22,"column":32}},"loc":{"start":{"line":22,"column":53},"end":{"line":49,"column":1}},"line":22},"3":{"name":"userOwnsPet","decl":{"start":{"line":51,"column":22},"end":{"line":51,"column":33}},"loc":{"start":{"line":51,"column":55},"end":{"line":58,"column":1}},"line":51},"4":{"name":"getPetAccessRole","decl":{"start":{"line":60,"column":22},"end":{"line":60,"column":38}},"loc":{"start":{"line":60,"column":60},"end":{"line":75,"column":1}},"line":60},"5":{"name":"userIsOwnerOrCoParent","decl":{"start":{"line":77,"column":22},"end":{"line":77,"column":43}},"loc":{"start":{"line":77,"column":65},"end":{"line":89,"column":1}},"line":77},"6":{"name":"userCanAccessPet","decl":{"start":{"line":91,"column":22},"end":{"line":91,"column":38}},"loc":{"start":{"line":91,"column":60},"end":{"line":121,"column":1}},"line":91},"7":{"name":"userHasSharedAccess","decl":{"start":{"line":124,"column":22},"end":{"line":124,"column":41}},"loc":{"start":{"line":124,"column":63},"end":{"line":144,"column":1}},"line":124},"8":{"name":"userCanManageCare","decl":{"start":{"line":150,"column":22},"end":{"line":150,"column":39}},"loc":{"start":{"line":150,"column":61},"end":{"line":154,"column":1}},"line":150},"9":{"name":"userCanManageProfile","decl":{"start":{"line":157,"column":22},"end":{"line":157,"column":42}},"loc":{"start":{"line":157,"column":64},"end":{"line":159,"column":1}},"line":157},"10":{"name":"userCanSharePet","decl":{"start":{"line":165,"column":22},"end":{"line":165,"column":37}},"loc":{"start":{"line":165,"column":59},"end":{"line":180,"column":1}},"line":165},"11":{"name":"userCanManageWeightEntry","decl":{"start":{"line":182,"column":22},"end":{"line":182,"column":46}},"loc":{"start":{"line":182,"column":70},"end":{"line":190,"column":1}},"line":182},"12":{"name":"userCanManageHealthEntry","decl":{"start":{"line":192,"column":22},"end":{"line":192,"column":46}},"loc":{"start":{"line":192,"column":70},"end":{"line":200,"column":1}},"line":192},"13":{"name":"userCanManageHealthIssue","decl":{"start":{"line":202,"column":22},"end":{"line":202,"column":46}},"loc":{"start":{"line":202,"column":70},"end":{"line":210,"column":1}},"line":202},"14":{"name":"petNotificationRecipientIds","decl":{"start":{"line":213,"column":22},"end":{"line":213,"column":49}},"loc":{"start":{"line":213,"column":63},"end":{"line":224,"column":1}},"line":213},"15":{"name":"(anonymous_15)","decl":{"start":{"line":223,"column":25},"end":{"line":223,"column":26}},"loc":{"start":{"line":223,"column":32},"end":{"line":223,"column":41}},"line":223}},"branchMap":{"0":{"loc":{"start":{"line":52,"column":2},"end":{"line":52,"column":38}},"type":"if","locations":[{"start":{"line":52,"column":2},"end":{"line":52,"column":38}},{"start":{},"end":{}}],"line":52},"1":{"loc":{"start":{"line":52,"column":6},"end":{"line":52,"column":23}},"type":"binary-expr","locations":[{"start":{"line":52,"column":6},"end":{"line":52,"column":12}},{"start":{"line":52,"column":16},"end":{"line":52,"column":23}}],"line":52},"2":{"loc":{"start":{"line":61,"column":2},"end":{"line":61,"column":37}},"type":"if","locations":[{"start":{"line":61,"column":2},"end":{"line":61,"column":37}},{"start":{},"end":{}}],"line":61},"3":{"loc":{"start":{"line":61,"column":6},"end":{"line":61,"column":23}},"type":"binary-expr","locations":[{"start":{"line":61,"column":6},"end":{"line":61,"column":12}},{"start":{"line":61,"column":16},"end":{"line":61,"column":23}}],"line":61},"4":{"loc":{"start":{"line":70,"column":2},"end":{"line":70,"column":25}},"type":"if","locations":[{"start":{"line":70,"column":2},"end":{"line":70,"column":25}},{"start":{},"end":{}}],"line":70},"5":{"loc":{"start":{"line":71,"column":2},"end":{"line":73,"column":3}},"type":"if","locations":[{"start":{"line":71,"column":2},"end":{"line":73,"column":3}},{"start":{},"end":{}}],"line":71},"6":{"loc":{"start":{"line":71,"column":6},"end":{"line":71,"column":72}},"type":"binary-expr","locations":[{"start":{"line":71,"column":6},"end":{"line":71,"column":37}},{"start":{"line":71,"column":41},"end":{"line":71,"column":72}}],"line":71},"7":{"loc":{"start":{"line":78,"column":2},"end":{"line":78,"column":38}},"type":"if","locations":[{"start":{"line":78,"column":2},"end":{"line":78,"column":38}},{"start":{},"end":{}}],"line":78},"8":{"loc":{"start":{"line":78,"column":6},"end":{"line":78,"column":23}},"type":"binary-expr","locations":[{"start":{"line":78,"column":6},"end":{"line":78,"column":12}},{"start":{"line":78,"column":16},"end":{"line":78,"column":23}}],"line":78},"9":{"loc":{"start":{"line":79,"column":2},"end":{"line":79,"column":58}},"type":"if","locations":[{"start":{"line":79,"column":2},"end":{"line":79,"column":58}},{"start":{},"end":{}}],"line":79},"10":{"loc":{"start":{"line":92,"column":2},"end":{"line":92,"column":38}},"type":"if","locations":[{"start":{"line":92,"column":2},"end":{"line":92,"column":38}},{"start":{},"end":{}}],"line":92},"11":{"loc":{"start":{"line":92,"column":6},"end":{"line":92,"column":23}},"type":"binary-expr","locations":[{"start":{"line":92,"column":6},"end":{"line":92,"column":12}},{"start":{"line":92,"column":16},"end":{"line":92,"column":23}}],"line":92},"12":{"loc":{"start":{"line":93,"column":2},"end":{"line":93,"column":58}},"type":"if","locations":[{"start":{"line":93,"column":2},"end":{"line":93,"column":58}},{"start":{},"end":{}}],"line":93},"13":{"loc":{"start":{"line":102,"column":2},"end":{"line":102,"column":42}},"type":"if","locations":[{"start":{"line":102,"column":2},"end":{"line":102,"column":42}},{"start":{},"end":{}}],"line":102},"14":{"loc":{"start":{"line":111,"column":2},"end":{"line":111,"column":42}},"type":"if","locations":[{"start":{"line":111,"column":2},"end":{"line":111,"column":42}},{"start":{},"end":{}}],"line":111},"15":{"loc":{"start":{"line":125,"column":2},"end":{"line":125,"column":38}},"type":"if","locations":[{"start":{"line":125,"column":2},"end":{"line":125,"column":38}},{"start":{},"end":{}}],"line":125},"16":{"loc":{"start":{"line":125,"column":6},"end":{"line":125,"column":23}},"type":"binary-expr","locations":[{"start":{"line":125,"column":6},"end":{"line":125,"column":12}},{"start":{"line":125,"column":16},"end":{"line":125,"column":23}}],"line":125},"17":{"loc":{"start":{"line":134,"column":2},"end":{"line":134,"column":42}},"type":"if","locations":[{"start":{"line":134,"column":2},"end":{"line":134,"column":42}},{"start":{},"end":{}}],"line":134},"18":{"loc":{"start":{"line":151,"column":2},"end":{"line":151,"column":38}},"type":"if","locations":[{"start":{"line":151,"column":2},"end":{"line":151,"column":38}},{"start":{},"end":{}}],"line":151},"19":{"loc":{"start":{"line":151,"column":6},"end":{"line":151,"column":23}},"type":"binary-expr","locations":[{"start":{"line":151,"column":6},"end":{"line":151,"column":12}},{"start":{"line":151,"column":16},"end":{"line":151,"column":23}}],"line":151},"20":{"loc":{"start":{"line":152,"column":2},"end":{"line":152,"column":58}},"type":"if","locations":[{"start":{"line":152,"column":2},"end":{"line":152,"column":58}},{"start":{},"end":{}}],"line":152},"21":{"loc":{"start":{"line":166,"column":2},"end":{"line":166,"column":38}},"type":"if","locations":[{"start":{"line":166,"column":2},"end":{"line":166,"column":38}},{"start":{},"end":{}}],"line":166},"22":{"loc":{"start":{"line":166,"column":6},"end":{"line":166,"column":23}},"type":"binary-expr","locations":[{"start":{"line":166,"column":6},"end":{"line":166,"column":12}},{"start":{"line":166,"column":16},"end":{"line":166,"column":23}}],"line":166},"23":{"loc":{"start":{"line":167,"column":2},"end":{"line":167,"column":68}},"type":"if","locations":[{"start":{"line":167,"column":2},"end":{"line":167,"column":68}},{"start":{},"end":{}}],"line":167},"24":{"loc":{"start":{"line":188,"column":2},"end":{"line":188,"column":27}},"type":"if","locations":[{"start":{"line":188,"column":2},"end":{"line":188,"column":27}},{"start":{},"end":{}}],"line":188},"25":{"loc":{"start":{"line":198,"column":2},"end":{"line":198,"column":27}},"type":"if","locations":[{"start":{"line":198,"column":2},"end":{"line":198,"column":27}},{"start":{},"end":{}}],"line":198},"26":{"loc":{"start":{"line":208,"column":2},"end":{"line":208,"column":27}},"type":"if","locations":[{"start":{"line":208,"column":2},"end":{"line":208,"column":27}},{"start":{},"end":{}}],"line":208}},"s":{"0":51,"1":51,"2":51,"3":51,"4":51,"5":102,"6":51,"7":2,"8":58,"9":216,"10":0,"11":216,"12":213,"13":4,"14":0,"15":4,"16":4,"17":4,"18":1,"19":3,"20":2,"21":1,"22":34,"23":0,"24":34,"25":19,"26":14,"27":14,"28":41,"29":0,"30":41,"31":28,"32":12,"33":12,"34":3,"35":9,"36":9,"37":0,"38":9,"39":9,"40":14,"41":0,"42":14,"43":14,"44":5,"45":9,"46":9,"47":51,"48":121,"49":0,"50":121,"51":107,"52":14,"53":19,"54":51,"55":11,"56":0,"57":11,"58":7,"59":4,"60":4,"61":10,"62":10,"63":10,"64":1,"65":9,"66":30,"67":30,"68":30,"69":6,"70":24,"71":9,"72":9,"73":9,"74":2,"75":7,"76":1,"77":1,"78":2},"f":{"0":102,"1":2,"2":58,"3":216,"4":4,"5":34,"6":41,"7":14,"8":121,"9":19,"10":11,"11":10,"12":30,"13":9,"14":1,"15":2},"b":{"0":[0,216],"1":[216,216],"2":[0,4],"3":[4,4],"4":[1,3],"5":[2,1],"6":[3,2],"7":[0,34],"8":[34,34],"9":[19,14],"10":[0,41],"11":[41,41],"12":[28,12],"13":[3,9],"14":[0,9],"15":[0,14],"16":[14,14],"17":[5,9],"18":[0,121],"19":[121,121],"20":[107,14],"21":[0,11],"22":[11,11],"23":[7,4],"24":[1,9],"25":[6,24],"26":[2,7]},"_coverageSchema":"1a1c01bbd47fc00a2c39e90264f33305004495a9","hash":"e6975c92a298e1aa01ebf4e2626ffba3d3b26c32"}
,"/workspace/server/lib/petCapabilityPolicy.js": {"path":"/workspace/server/lib/petCapabilityPolicy.js","statementMap":{"0":{"start":{"line":11,"column":32},"end":{"line":27,"column":2}},"1":{"start":{"line":29,"column":25},"end":{"line":29,"column":65}},"2":{"start":{"line":39,"column":2},"end":{"line":41,"column":3}},"3":{"start":{"line":40,"column":4},"end":{"line":40,"column":17}},"4":{"start":{"line":43,"column":2},"end":{"line":66,"column":3}},"5":{"start":{"line":49,"column":6},"end":{"line":49,"column":51}},"6":{"start":{"line":51,"column":6},"end":{"line":51,"column":50}},"7":{"start":{"line":54,"column":6},"end":{"line":54,"column":46}},"8":{"start":{"line":57,"column":6},"end":{"line":57,"column":55}},"9":{"start":{"line":63,"column":6},"end":{"line":63,"column":52}},"10":{"start":{"line":65,"column":6},"end":{"line":65,"column":19}}},"fnMap":{"0":{"name":"hasPetCapability","decl":{"start":{"line":38,"column":22},"end":{"line":38,"column":38}},"loc":{"start":{"line":38,"column":72},"end":{"line":67,"column":1}},"line":38}},"branchMap":{"0":{"loc":{"start":{"line":39,"column":2},"end":{"line":41,"column":3}},"type":"if","locations":[{"start":{"line":39,"column":2},"end":{"line":41,"column":3}},{"start":{},"end":{}}],"line":39},"1":{"loc":{"start":{"line":39,"column":6},"end":{"line":39,"column":75}},"type":"binary-expr","locations":[{"start":{"line":39,"column":6},"end":{"line":39,"column":13}},{"start":{"line":39,"column":17},"end":{"line":39,"column":23}},{"start":{"line":39,"column":27},"end":{"line":39,"column":38}},{"start":{"line":39,"column":42},"end":{"line":39,"column":75}}],"line":39},"2":{"loc":{"start":{"line":43,"column":2},"end":{"line":66,"column":3}},"type":"switch","locations":[{"start":{"line":44,"column":4},"end":{"line":44,"column":31}},{"start":{"line":45,"column":4},"end":{"line":45,"column":38}},{"start":{"line":46,"column":4},"end":{"line":46,"column":38}},{"start":{"line":47,"column":4},"end":{"line":47,"column":35}},{"start":{"line":48,"column":4},"end":{"line":49,"column":51}},{"start":{"line":50,"column":4},"end":{"line":51,"column":50}},{"start":{"line":52,"column":4},"end":{"line":52,"column":33}},{"start":{"line":53,"column":4},"end":{"line":54,"column":46}},{"start":{"line":55,"column":4},"end":{"line":55,"column":39}},{"start":{"line":56,"column":4},"end":{"line":57,"column":55}},{"start":{"line":58,"column":4},"end":{"line":58,"column":38}},{"start":{"line":59,"column":4},"end":{"line":59,"column":50}},{"start":{"line":60,"column":4},"end":{"line":60,"column":38}},{"start":{"line":61,"column":4},"end":{"line":61,"column":47}},{"start":{"line":62,"column":4},"end":{"line":63,"column":52}},{"start":{"line":64,"column":4},"end":{"line":65,"column":19}}],"line":43}},"s":{"0":49,"1":49,"2":131,"3":2,"4":129,"5":31,"6":1,"7":10,"8":17,"9":70,"10":0},"f":{"0":131},"b":{"0":[2,129],"1":[131,131,130,130],"2":[2,22,31,31,31,1,2,10,17,17,26,40,67,67,70,0]},"_coverageSchema":"1a1c01bbd47fc00a2c39e90264f33305004495a9","hash":"33e54a1763c1735c83cb178038b25a3afafedc8b"}
}
