{"/workspace/server/lib/petAccess.js": {"path":"/workspace/server/lib/petAccess.js","statementMap":{"0":{"start":{"line":9,"column":34},"end":{"line":9,"column":56}},"1":{"start":{"line":10,"column":38},"end":{"line":10,"column":46}},"2":{"start":{"line":12,"column":31},"end":{"line":12,"column":81}},"3":{"start":{"line":12,"column":61},"end":{"line":12,"column":69}},"4":{"start":{"line":16,"column":2},"end":{"line":41,"column":5}},"5":{"start":{"line":45,"column":2},"end":{"line":45,"column":38}},"6":{"start":{"line":45,"column":25},"end":{"line":45,"column":38}},"7":{"start":{"line":46,"column":17},"end":{"line":49,"column":3}},"8":{"start":{"line":50,"column":2},"end":{"line":50,"column":32}},"9":{"start":{"line":54,"column":2},"end":{"line":54,"column":38}},"10":{"start":{"line":54,"column":25},"end":{"line":54,"column":38}},"11":{"start":{"line":55,"column":2},"end":{"line":55,"column":58}},"12":{"start":{"line":55,"column":46},"end":{"line":55,"column":58}},"13":{"start":{"line":56,"column":17},"end":{"line":63,"column":3}},"14":{"start":{"line":64,"column":2},"end":{"line":64,"column":42}},"15":{"start":{"line":64,"column":30},"end":{"line":64,"column":42}},"16":{"start":{"line":65,"column":17},"end":{"line":72,"column":3}},"17":{"start":{"line":73,"column":2},"end":{"line":73,"column":42}},"18":{"start":{"line":73,"column":30},"end":{"line":73,"column":42}},"19":{"start":{"line":74,"column":20},"end":{"line":81,"column":3}},"20":{"start":{"line":82,"column":2},"end":{"line":82,"column":35}},"21":{"start":{"line":87,"column":2},"end":{"line":87,"column":38}},"22":{"start":{"line":87,"column":25},"end":{"line":87,"column":38}},"23":{"start":{"line":88,"column":17},"end":{"line":95,"column":3}},"24":{"start":{"line":96,"column":2},"end":{"line":96,"column":42}},"25":{"start":{"line":96,"column":30},"end":{"line":96,"column":42}},"26":{"start":{"line":97,"column":17},"end":{"line":104,"column":3}},"27":{"start":{"line":105,"column":2},"end":{"line":105,"column":32}},"28":{"start":{"line":110,"column":2},"end":{"line":110,"column":38}},"29":{"start":{"line":110,"column":25},"end":{"line":110,"column":38}},"30":{"start":{"line":111,"column":2},"end":{"line":111,"column":58}},"31":{"start":{"line":111,"column":46},"end":{"line":111,"column":58}},"32":{"start":{"line":112,"column":2},"end":{"line":112,"column":56}},"33":{"start":{"line":117,"column":2},"end":{"line":117,"column":38}},"34":{"start":{"line":117,"column":25},"end":{"line":117,"column":38}},"35":{"start":{"line":118,"column":2},"end":{"line":118,"column":58}},"36":{"start":{"line":118,"column":46},"end":{"line":118,"column":58}},"37":{"start":{"line":119,"column":17},"end":{"line":129,"column":3}},"38":{"start":{"line":130,"column":2},"end":{"line":130,"column":32}},"39":{"start":{"line":134,"column":17},"end":{"line":137,"column":3}},"40":{"start":{"line":138,"column":16},"end":{"line":138,"column":38}},"41":{"start":{"line":139,"column":2},"end":{"line":139,"column":27}},"42":{"start":{"line":139,"column":14},"end":{"line":139,"column":27}},"43":{"start":{"line":140,"column":2},"end":{"line":140,"column":47}},"44":{"start":{"line":144,"column":17},"end":{"line":147,"column":3}},"45":{"start":{"line":148,"column":16},"end":{"line":148,"column":38}},"46":{"start":{"line":149,"column":2},"end":{"line":149,"column":27}},"47":{"start":{"line":149,"column":14},"end":{"line":149,"column":27}},"48":{"start":{"line":150,"column":2},"end":{"line":150,"column":47}},"49":{"start":{"line":154,"column":17},"end":{"line":157,"column":3}},"50":{"start":{"line":158,"column":16},"end":{"line":158,"column":38}},"51":{"start":{"line":159,"column":2},"end":{"line":159,"column":27}},"52":{"start":{"line":159,"column":14},"end":{"line":159,"column":27}},"53":{"start":{"line":160,"column":2},"end":{"line":160,"column":47}},"54":{"start":{"line":165,"column":17},"end":{"line":173,"column":3}},"55":{"start":{"line":174,"column":2},"end":{"line":174,"column":43}},"56":{"start":{"line":174,"column":32},"end":{"line":174,"column":41}}},"fnMap":{"0":{"name":"(anonymous_0)","decl":{"start":{"line":12,"column":54},"end":{"line":12,"column":55}},"loc":{"start":{"line":12,"column":61},"end":{"line":12,"column":69}},"line":12},"1":{"name":"accessiblePetSql","decl":{"start":{"line":15,"column":16},"end":{"line":15,"column":32}},"loc":{"start":{"line":15,"column":53},"end":{"line":42,"column":1}},"line":15},"2":{"name":"userOwnsPet","decl":{"start":{"line":44,"column":22},"end":{"line":44,"column":33}},"loc":{"start":{"line":44,"column":55},"end":{"line":51,"column":1}},"line":44},"3":{"name":"userCanAccessPet","decl":{"start":{"line":53,"column":22},"end":{"line":53,"column":38}},"loc":{"start":{"line":53,"column":60},"end":{"line":83,"column":1}},"line":53},"4":{"name":"userHasCollaboratorAccess","decl":{"start":{"line":86,"column":22},"end":{"line":86,"column":47}},"loc":{"start":{"line":86,"column":69},"end":{"line":106,"column":1}},"line":86},"5":{"name":"userCanManagePet","decl":{"start":{"line":109,"column":22},"end":{"line":109,"column":38}},"loc":{"start":{"line":109,"column":60},"end":{"line":113,"column":1}},"line":109},"6":{"name":"userCanSharePet","decl":{"start":{"line":116,"column":22},"end":{"line":116,"column":37}},"loc":{"start":{"line":116,"column":59},"end":{"line":131,"column":1}},"line":116},"7":{"name":"userCanManageWeightEntry","decl":{"start":{"line":133,"column":22},"end":{"line":133,"column":46}},"loc":{"start":{"line":133,"column":70},"end":{"line":141,"column":1}},"line":133},"8":{"name":"userCanManageHealthEntry","decl":{"start":{"line":143,"column":22},"end":{"line":143,"column":46}},"loc":{"start":{"line":143,"column":70},"end":{"line":151,"column":1}},"line":143},"9":{"name":"userCanManageHealthIssue","decl":{"start":{"line":153,"column":22},"end":{"line":153,"column":46}},"loc":{"start":{"line":153,"column":70},"end":{"line":161,"column":1}},"line":153},"10":{"name":"petNotificationRecipientIds","decl":{"start":{"line":164,"column":22},"end":{"line":164,"column":49}},"loc":{"start":{"line":164,"column":63},"end":{"line":175,"column":1}},"line":164},"11":{"name":"(anonymous_11)","decl":{"start":{"line":174,"column":25},"end":{"line":174,"column":26}},"loc":{"start":{"line":174,"column":32},"end":{"line":174,"column":41}},"line":174}},"branchMap":{"0":{"loc":{"start":{"line":45,"column":2},"end":{"line":45,"column":38}},"type":"if","locations":[{"start":{"line":45,"column":2},"end":{"line":45,"column":38}},{"start":{},"end":{}}],"line":45},"1":{"loc":{"start":{"line":45,"column":6},"end":{"line":45,"column":23}},"type":"binary-expr","locations":[{"start":{"line":45,"column":6},"end":{"line":45,"column":12}},{"start":{"line":45,"column":16},"end":{"line":45,"column":23}}],"line":45},"2":{"loc":{"start":{"line":54,"column":2},"end":{"line":54,"column":38}},"type":"if","locations":[{"start":{"line":54,"column":2},"end":{"line":54,"column":38}},{"start":{},"end":{}}],"line":54},"3":{"loc":{"start":{"line":54,"column":6},"end":{"line":54,"column":23}},"type":"binary-expr","locations":[{"start":{"line":54,"column":6},"end":{"line":54,"column":12}},{"start":{"line":54,"column":16},"end":{"line":54,"column":23}}],"line":54},"4":{"loc":{"start":{"line":55,"column":2},"end":{"line":55,"column":58}},"type":"if","locations":[{"start":{"line":55,"column":2},"end":{"line":55,"column":58}},{"start":{},"end":{}}],"line":55},"5":{"loc":{"start":{"line":64,"column":2},"end":{"line":64,"column":42}},"type":"if","locations":[{"start":{"line":64,"column":2},"end":{"line":64,"column":42}},{"start":{},"end":{}}],"line":64},"6":{"loc":{"start":{"line":73,"column":2},"end":{"line":73,"column":42}},"type":"if","locations":[{"start":{"line":73,"column":2},"end":{"line":73,"column":42}},{"start":{},"end":{}}],"line":73},"7":{"loc":{"start":{"line":87,"column":2},"end":{"line":87,"column":38}},"type":"if","locations":[{"start":{"line":87,"column":2},"end":{"line":87,"column":38}},{"start":{},"end":{}}],"line":87},"8":{"loc":{"start":{"line":87,"column":6},"end":{"line":87,"column":23}},"type":"binary-expr","locations":[{"start":{"line":87,"column":6},"end":{"line":87,"column":12}},{"start":{"line":87,"column":16},"end":{"line":87,"column":23}}],"line":87},"9":{"loc":{"start":{"line":96,"column":2},"end":{"line":96,"column":42}},"type":"if","locations":[{"start":{"line":96,"column":2},"end":{"line":96,"column":42}},{"start":{},"end":{}}],"line":96},"10":{"loc":{"start":{"line":110,"column":2},"end":{"line":110,"column":38}},"type":"if","locations":[{"start":{"line":110,"column":2},"end":{"line":110,"column":38}},{"start":{},"end":{}}],"line":110},"11":{"loc":{"start":{"line":110,"column":6},"end":{"line":110,"column":23}},"type":"binary-expr","locations":[{"start":{"line":110,"column":6},"end":{"line":110,"column":12}},{"start":{"line":110,"column":16},"end":{"line":110,"column":23}}],"line":110},"12":{"loc":{"start":{"line":111,"column":2},"end":{"line":111,"column":58}},"type":"if","locations":[{"start":{"line":111,"column":2},"end":{"line":111,"column":58}},{"start":{},"end":{}}],"line":111},"13":{"loc":{"start":{"line":117,"column":2},"end":{"line":117,"column":38}},"type":"if","locations":[{"start":{"line":117,"column":2},"end":{"line":117,"column":38}},{"start":{},"end":{}}],"line":117},"14":{"loc":{"start":{"line":117,"column":6},"end":{"line":117,"column":23}},"type":"binary-expr","locations":[{"start":{"line":117,"column":6},"end":{"line":117,"column":12}},{"start":{"line":117,"column":16},"end":{"line":117,"column":23}}],"line":117},"15":{"loc":{"start":{"line":118,"column":2},"end":{"line":118,"column":58}},"type":"if","locations":[{"start":{"line":118,"column":2},"end":{"line":118,"column":58}},{"start":{},"end":{}}],"line":118},"16":{"loc":{"start":{"line":139,"column":2},"end":{"line":139,"column":27}},"type":"if","locations":[{"start":{"line":139,"column":2},"end":{"line":139,"column":27}},{"start":{},"end":{}}],"line":139},"17":{"loc":{"start":{"line":149,"column":2},"end":{"line":149,"column":27}},"type":"if","locations":[{"start":{"line":149,"column":2},"end":{"line":149,"column":27}},{"start":{},"end":{}}],"line":149},"18":{"loc":{"start":{"line":159,"column":2},"end":{"line":159,"column":27}},"type":"if","locations":[{"start":{"line":159,"column":2},"end":{"line":159,"column":27}},{"start":{},"end":{}}],"line":159}},"s":{"0":63,"1":63,"2":63,"3":126,"4":38,"5":171,"6":0,"7":171,"8":168,"9":29,"10":0,"11":29,"12":16,"13":12,"14":12,"15":3,"16":9,"17":9,"18":0,"19":9,"20":9,"21":17,"22":0,"23":17,"24":17,"25":6,"26":11,"27":11,"28":110,"29":0,"30":110,"31":92,"32":17,"33":7,"34":0,"35":7,"36":4,"37":3,"38":3,"39":9,"40":9,"41":9,"42":1,"43":8,"44":28,"45":28,"46":28,"47":7,"48":21,"49":9,"50":9,"51":9,"52":2,"53":7,"54":0,"55":0,"56":0},"f":{"0":126,"1":38,"2":171,"3":29,"4":17,"5":110,"6":7,"7":9,"8":28,"9":9,"10":0,"11":0},"b":{"0":[0,171],"1":[171,171],"2":[0,29],"3":[29,29],"4":[16,12],"5":[3,9],"6":[0,9],"7":[0,17],"8":[17,17],"9":[6,11],"10":[0,110],"11":[110,110],"12":[92,17],"13":[0,7],"14":[7,7],"15":[4,3],"16":[1,8],"17":[7,21],"18":[2,7]},"_coverageSchema":"1a1c01bbd47fc00a2c39e90264f33305004495a9","hash":"7139323cbedcfc3e47bf93440b3171df4cfc74f3"}
,"/workspace/server/lib/petCapabilityPolicy.js": {"path":"/workspace/server/lib/petCapabilityPolicy.js","statementMap":{"0":{"start":{"line":10,"column":32},"end":{"line":26,"column":2}},"1":{"start":{"line":28,"column":25},"end":{"line":28,"column":65}},"2":{"start":{"line":38,"column":2},"end":{"line":40,"column":3}},"3":{"start":{"line":39,"column":4},"end":{"line":39,"column":17}},"4":{"start":{"line":42,"column":2},"end":{"line":64,"column":3}},"5":{"start":{"line":48,"column":6},"end":{"line":48,"column":51}},"6":{"start":{"line":50,"column":6},"end":{"line":50,"column":50}},"7":{"start":{"line":53,"column":6},"end":{"line":53,"column":46}},"8":{"start":{"line":61,"column":6},"end":{"line":61,"column":51}},"9":{"start":{"line":63,"column":6},"end":{"line":63,"column":19}}},"fnMap":{"0":{"name":"hasPetCapability","decl":{"start":{"line":37,"column":22},"end":{"line":37,"column":38}},"loc":{"start":{"line":37,"column":72},"end":{"line":65,"column":1}},"line":37}},"branchMap":{"0":{"loc":{"start":{"line":38,"column":2},"end":{"line":40,"column":3}},"type":"if","locations":[{"start":{"line":38,"column":2},"end":{"line":40,"column":3}},{"start":{},"end":{}}],"line":38},"1":{"loc":{"start":{"line":38,"column":6},"end":{"line":38,"column":75}},"type":"binary-expr","locations":[{"start":{"line":38,"column":6},"end":{"line":38,"column":13}},{"start":{"line":38,"column":17},"end":{"line":38,"column":23}},{"start":{"line":38,"column":27},"end":{"line":38,"column":38}},{"start":{"line":38,"column":42},"end":{"line":38,"column":75}}],"line":38},"2":{"loc":{"start":{"line":42,"column":2},"end":{"line":64,"column":3}},"type":"switch","locations":[{"start":{"line":43,"column":4},"end":{"line":43,"column":31}},{"start":{"line":44,"column":4},"end":{"line":44,"column":38}},{"start":{"line":45,"column":4},"end":{"line":45,"column":38}},{"start":{"line":46,"column":4},"end":{"line":46,"column":35}},{"start":{"line":47,"column":4},"end":{"line":48,"column":51}},{"start":{"line":49,"column":4},"end":{"line":50,"column":50}},{"start":{"line":51,"column":4},"end":{"line":51,"column":33}},{"start":{"line":52,"column":4},"end":{"line":53,"column":46}},{"start":{"line":54,"column":4},"end":{"line":54,"column":39}},{"start":{"line":55,"column":4},"end":{"line":55,"column":38}},{"start":{"line":56,"column":4},"end":{"line":56,"column":50}},{"start":{"line":57,"column":4},"end":{"line":57,"column":38}},{"start":{"line":58,"column":4},"end":{"line":58,"column":35}},{"start":{"line":59,"column":4},"end":{"line":59,"column":47}},{"start":{"line":60,"column":4},"end":{"line":61,"column":51}},{"start":{"line":62,"column":4},"end":{"line":63,"column":19}}],"line":42}},"s":{"0":62,"1":62,"2":107,"3":2,"4":105,"5":20,"6":1,"7":10,"8":74,"9":0},"f":{"0":107},"b":{"0":[2,105],"1":[107,107,106,106],"2":[2,11,20,20,20,1,2,10,19,37,51,71,71,71,74,0]},"_coverageSchema":"1a1c01bbd47fc00a2c39e90264f33305004495a9","hash":"8206162dae027e126c07e8af27c305ae2c263188"}
}
