TN:
SF:lib/petAccess.js
FN:12,(anonymous_0)
FN:15,accessiblePetSql
FN:44,userOwnsPet
FN:53,userCanAccessPet
FN:86,userHasCollaboratorAccess
FN:109,userCanManagePet
FN:116,userCanSharePet
FN:133,userCanManageWeightEntry
FN:143,userCanManageHealthEntry
FN:153,userCanManageHealthIssue
FN:164,petNotificationRecipientIds
FN:174,(anonymous_11)
FNF:12
FNH:10
FNDA:126,(anonymous_0)
FNDA:38,accessiblePetSql
FNDA:171,userOwnsPet
FNDA:29,userCanAccessPet
FNDA:17,userHasCollaboratorAccess
FNDA:110,userCanManagePet
FNDA:7,userCanSharePet
FNDA:9,userCanManageWeightEntry
FNDA:28,userCanManageHealthEntry
FNDA:9,userCanManageHealthIssue
FNDA:0,petNotificationRecipientIds
FNDA:0,(anonymous_11)
DA:9,63
DA:10,63
DA:12,126
DA:16,38
DA:45,171
DA:46,171
DA:50,168
DA:54,29
DA:55,29
DA:56,12
DA:64,12
DA:65,9
DA:73,9
DA:74,9
DA:82,9
DA:87,17
DA:88,17
DA:96,17
DA:97,11
DA:105,11
DA:110,110
DA:111,110
DA:112,17
DA:117,7
DA:118,7
DA:119,3
DA:130,3
DA:134,9
DA:138,9
DA:139,9
DA:140,8
DA:144,28
DA:148,28
DA:149,28
DA:150,21
DA:154,9
DA:158,9
DA:159,9
DA:160,7
DA:165,0
DA:174,0
LF:41
LH:39
BRDA:45,0,0,0
BRDA:45,0,1,171
BRDA:45,1,0,171
BRDA:45,1,1,171
BRDA:54,2,0,0
BRDA:54,2,1,29
BRDA:54,3,0,29
BRDA:54,3,1,29
BRDA:55,4,0,16
BRDA:55,4,1,12
BRDA:64,5,0,3
BRDA:64,5,1,9
BRDA:73,6,0,0
BRDA:73,6,1,9
BRDA:87,7,0,0
BRDA:87,7,1,17
BRDA:87,8,0,17
BRDA:87,8,1,17
BRDA:96,9,0,6
BRDA:96,9,1,11
BRDA:110,10,0,0
BRDA:110,10,1,110
BRDA:110,11,0,110
BRDA:110,11,1,110
BRDA:111,12,0,92
BRDA:111,12,1,17
BRDA:117,13,0,0
BRDA:117,13,1,7
BRDA:117,14,0,7
BRDA:117,14,1,7
BRDA:118,15,0,4
BRDA:118,15,1,3
BRDA:139,16,0,1
BRDA:139,16,1,8
BRDA:149,17,0,7
BRDA:149,17,1,21
BRDA:159,18,0,2
BRDA:159,18,1,7
BRF:38
BRH:32
end_of_record
TN:
SF:lib/petCapabilityPolicy.js
FN:37,hasPetCapability
FNF:1
FNH:1
FNDA:107,hasPetCapability
DA:10,62
DA:28,62
DA:38,107
DA:39,2
DA:42,105
DA:48,20
DA:50,1
DA:53,10
DA:61,74
DA:63,0
LF:10
LH:9
BRDA:38,0,0,2
BRDA:38,0,1,105
BRDA:38,1,0,107
BRDA:38,1,1,107
BRDA:38,1,2,106
BRDA:38,1,3,106
BRDA:42,2,0,2
BRDA:42,2,1,11
BRDA:42,2,2,20
BRDA:42,2,3,20
BRDA:42,2,4,20
BRDA:42,2,5,1
BRDA:42,2,6,2
BRDA:42,2,7,10
BRDA:42,2,8,19
BRDA:42,2,9,37
BRDA:42,2,10,51
BRDA:42,2,11,71
BRDA:42,2,12,71
BRDA:42,2,13,71
BRDA:42,2,14,74
BRDA:42,2,15,0
BRF:22
BRH:21
end_of_record
