TN:
SF:lib/petAccess.js
FN:12,(anonymous_0)
FN:17,petAccessRolesSql
FN:22,accessiblePetSql
FN:51,userOwnsPet
FN:60,getPetAccessRole
FN:77,userIsOwnerOrCoParent
FN:91,userCanAccessPet
FN:124,userHasSharedAccess
FN:150,userCanManageCare
FN:157,userCanManageProfile
FN:165,userCanSharePet
FN:182,userCanManageWeightEntry
FN:192,userCanManageHealthEntry
FN:202,userCanManageHealthIssue
FN:213,petNotificationRecipientIds
FN:223,(anonymous_15)
FNF:16
FNH:16
FNDA:102,(anonymous_0)
FNDA:2,petAccessRolesSql
FNDA:58,accessiblePetSql
FNDA:216,userOwnsPet
FNDA:4,getPetAccessRole
FNDA:34,userIsOwnerOrCoParent
FNDA:41,userCanAccessPet
FNDA:14,userHasSharedAccess
FNDA:121,userCanManageCare
FNDA:19,userCanManageProfile
FNDA:11,userCanSharePet
FNDA:10,userCanManageWeightEntry
FNDA:30,userCanManageHealthEntry
FNDA:9,userCanManageHealthIssue
FNDA:1,petNotificationRecipientIds
FNDA:2,(anonymous_15)
DA:6,51
DA:7,51
DA:9,51
DA:10,51
DA:12,102
DA:15,51
DA:18,2
DA:23,58
DA:52,216
DA:53,216
DA:57,213
DA:61,4
DA:62,4
DA:69,4
DA:70,4
DA:71,3
DA:72,2
DA:74,1
DA:78,34
DA:79,34
DA:80,14
DA:88,14
DA:92,41
DA:93,41
DA:94,12
DA:102,12
DA:103,9
DA:111,9
DA:112,9
DA:120,9
DA:125,14
DA:126,14
DA:134,14
DA:135,9
DA:143,9
DA:147,51
DA:151,121
DA:152,121
DA:153,14
DA:158,19
DA:162,51
DA:166,11
DA:167,11
DA:168,4
DA:179,4
DA:183,10
DA:187,10
DA:188,10
DA:189,9
DA:193,30
DA:197,30
DA:198,30
DA:199,24
DA:203,9
DA:207,9
DA:208,9
DA:209,7
DA:214,1
DA:223,2
LF:59
LH:59
BRDA:52,0,0,0
BRDA:52,0,1,216
BRDA:52,1,0,216
BRDA:52,1,1,216
BRDA:61,2,0,0
BRDA:61,2,1,4
BRDA:61,3,0,4
BRDA:61,3,1,4
BRDA:70,4,0,1
BRDA:70,4,1,3
BRDA:71,5,0,2
BRDA:71,5,1,1
BRDA:71,6,0,3
BRDA:71,6,1,2
BRDA:78,7,0,0
BRDA:78,7,1,34
BRDA:78,8,0,34
BRDA:78,8,1,34
BRDA:79,9,0,19
BRDA:79,9,1,14
BRDA:92,10,0,0
BRDA:92,10,1,41
BRDA:92,11,0,41
BRDA:92,11,1,41
BRDA:93,12,0,28
BRDA:93,12,1,12
BRDA:102,13,0,3
BRDA:102,13,1,9
BRDA:111,14,0,0
BRDA:111,14,1,9
BRDA:125,15,0,0
BRDA:125,15,1,14
BRDA:125,16,0,14
BRDA:125,16,1,14
BRDA:134,17,0,5
BRDA:134,17,1,9
BRDA:151,18,0,0
BRDA:151,18,1,121
BRDA:151,19,0,121
BRDA:151,19,1,121
BRDA:152,20,0,107
BRDA:152,20,1,14
BRDA:166,21,0,0
BRDA:166,21,1,11
BRDA:166,22,0,11
BRDA:166,22,1,11
BRDA:167,23,0,7
BRDA:167,23,1,4
BRDA:188,24,0,1
BRDA:188,24,1,9
BRDA:198,25,0,6
BRDA:198,25,1,24
BRDA:208,26,0,2
BRDA:208,26,1,7
BRF:54
BRH:46
end_of_record
TN:
SF:lib/petCapabilityPolicy.js
FN:38,hasPetCapability
FNF:1
FNH:1
FNDA:131,hasPetCapability
DA:11,49
DA:29,49
DA:39,131
DA:40,2
DA:43,129
DA:49,31
DA:51,1
DA:54,10
DA:57,17
DA:63,70
DA:65,0
LF:11
LH:10
BRDA:39,0,0,2
BRDA:39,0,1,129
BRDA:39,1,0,131
BRDA:39,1,1,131
BRDA:39,1,2,130
BRDA:39,1,3,130
BRDA:43,2,0,2
BRDA:43,2,1,22
BRDA:43,2,2,31
BRDA:43,2,3,31
BRDA:43,2,4,31
BRDA:43,2,5,1
BRDA:43,2,6,2
BRDA:43,2,7,10
BRDA:43,2,8,17
BRDA:43,2,9,17
BRDA:43,2,10,26
BRDA:43,2,11,40
BRDA:43,2,12,67
BRDA:43,2,13,67
BRDA:43,2,14,70
BRDA:43,2,15,0
BRF:22
BRH:21
end_of_record
